<?xml version="1.0" encoding="UTF-8"?>
<testsuite name="com.example.mybatis.TodoDaoTest" tests="1" skipped="0" failures="0" errors="0" timestamp="2025-04-03T07:17:01.531Z" hostname="DESKTOP-V5QNVQQ" time="2.211">
  <properties/>
  <testcase name="deleteTest()" classname="com.example.mybatis.TodoDaoTest" time="2.211"/>
  <system-out><![CDATA[16:16:58.170 [Test worker] INFO org.springframework.test.context.support.AnnotationConfigContextLoaderUtils -- Could not detect default configuration classes for test class [com.example.mybatis.TodoDaoTest]: TodoDaoTest does not declare any static, non-private, non-final, nested classes annotated with @Configuration.
16:16:58.352 [Test worker] INFO org.springframework.boot.test.context.SpringBootTestContextBootstrapper -- Found @SpringBootConfiguration com.example.mybatis.MybatisApplication for test class com.example.mybatis.TodoDaoTest

  .   ____          _            __ _ _
 /\\ / ___'_ __ _ _(_)_ __  __ _ \ \ \ \
( ( )\___ | '_ | '_| | '_ \/ _` | \ \ \ \
 \\/  ___)| |_)| | | | | || (_| |  ) ) ) )
  '  |____| .__|_| |_|_| |_\__, | / / / /
 =========|_|==============|___/=/_/_/_/

 :: Spring Boot ::                (v3.4.4)

2025-04-03T16:16:58.973+09:00  INFO 6064 --- [mybatis] [    Test worker] com.example.mybatis.TodoDaoTest          : Starting TodoDaoTest using Java 17.0.14 with PID 6064 (started by user in D:\project\JAVA\mybatis)
2025-04-03T16:16:58.976+09:00  INFO 6064 --- [mybatis] [    Test worker] com.example.mybatis.TodoDaoTest          : No active profile set, falling back to 1 default profile: "default"
2025-04-03T16:17:01.506+09:00  INFO 6064 --- [mybatis] [    Test worker] com.example.mybatis.TodoDaoTest          : Started TodoDaoTest in 2.957 seconds (process running for 4.806)
2025-04-03T16:17:01.552+09:00  INFO 6064 --- [mybatis] [    Test worker] com.zaxxer.hikari.HikariDataSource       : HikariPool-1 - Starting...
2025-04-03T16:17:02.137+09:00  INFO 6064 --- [mybatis] [    Test worker] com.zaxxer.hikari.pool.HikariPool        : HikariPool-1 - Added connection oracle.jdbc.driver.T4CConnection@7ead1d80
2025-04-03T16:17:02.140+09:00  INFO 6064 --- [mybatis] [    Test worker] com.zaxxer.hikari.HikariDataSource       : HikariPool-1 - Start completed.
]]></system-out>
  <system-err><![CDATA[]]></system-err>
</testsuite>
