<?xml version="1.0" encoding="UTF-8"?>
<testsuite name="com.example.mybatis.TodoDaoTest" tests="1" skipped="0" failures="0" errors="0" timestamp="2025-04-04T05:44:45.842Z" hostname="DESKTOP-V5QNVQQ" time="2.757">
  <properties/>
  <testcase name="saveTest()" classname="com.example.mybatis.TodoDaoTest" time="2.757"/>
  <system-out><![CDATA[14:44:42.678 [Test worker] INFO org.springframework.test.context.support.AnnotationConfigContextLoaderUtils -- Could not detect default configuration classes for test class [com.example.mybatis.TodoDaoTest]: TodoDaoTest does not declare any static, non-private, non-final, nested classes annotated with @Configuration.
14:44:42.854 [Test worker] INFO org.springframework.boot.test.context.SpringBootTestContextBootstrapper -- Found @SpringBootConfiguration com.example.mybatis.MybatisApplication for test class com.example.mybatis.TodoDaoTest

  .   ____          _            __ _ _
 /\\ / ___'_ __ _ _(_)_ __  __ _ \ \ \ \
( ( )\___ | '_ | '_| | '_ \/ _` | \ \ \ \
 \\/  ___)| |_)| | | | | || (_| |  ) ) ) )
  '  |____| .__|_| |_|_| |_\__, | / / / /
 =========|_|==============|___/=/_/_/_/

 :: Spring Boot ::                (v3.4.4)

2025-04-04T14:44:43.473+09:00  INFO 7964 --- [mybatis] [    Test worker] com.example.mybatis.TodoDaoTest          : Starting TodoDaoTest using Java 17.0.14 with PID 7964 (started by user in D:\project\JAVA\mybatis)
2025-04-04T14:44:43.476+09:00  INFO 7964 --- [mybatis] [    Test worker] com.example.mybatis.TodoDaoTest          : No active profile set, falling back to 1 default profile: "default"
2025-04-04T14:44:45.302+09:00  WARN 7964 --- [mybatis] [    Test worker] ion$DefaultTemplateResolverConfiguration : Cannot find template location: classpath:/templates/ (please add some templates, check your Thymeleaf configuration, or set spring.thymeleaf.check-template-location=false)
2025-04-04T14:44:45.812+09:00  INFO 7964 --- [mybatis] [    Test worker] com.example.mybatis.TodoDaoTest          : Started TodoDaoTest in 2.726 seconds (process running for 5.025)
2025-04-04T14:44:47.474+09:00  INFO 7964 --- [mybatis] [    Test worker] com.zaxxer.hikari.HikariDataSource       : HikariPool-1 - Starting...
2025-04-04T14:44:48.191+09:00  INFO 7964 --- [mybatis] [    Test worker] com.zaxxer.hikari.pool.HikariPool        : HikariPool-1 - Added connection oracle.jdbc.driver.T4CConnection@1dfe5dd1
2025-04-04T14:44:48.195+09:00  INFO 7964 --- [mybatis] [    Test worker] com.zaxxer.hikari.HikariDataSource       : HikariPool-1 - Start completed.
]]></system-out>
  <system-err><![CDATA[]]></system-err>
</testsuite>
